#
# A fatal error has been detected by the Java Runtime Environment:
#
#  EXCEPTION_ACCESS_VIOLATION (0xc0000005) at pc=0x00007ffa345ab443, pid=13624, tid=15852
#
# JRE version: OpenJDK Runtime Environment (11.0.12+7) (build 11.0.12+7-b1504.28-7817840)
# Java VM: OpenJDK 64-Bit Server VM (11.0.12+7-b1504.28-7817840, mixed mode, tiered, compressed oops, g1 gc, windows-amd64)
# Problematic frame:
# V  [jvm.dll+0x37b443]
#
# No core dump will be written. Minidumps are not enabled by default on client versions of Windows
#
# If you would like to submit a bug report, please visit:
#   https://bugreport.java.com/bugreport/crash.jsp
#

---------------  S U M M A R Y ------------

Command Line: -Dorg.gradle.appname=gradlew org.gradle.wrapper.GradleWrapperMain -q -Ptarget-platform=android-x86 -Ptarget=C:\Users\Galaxy computer\Downloads\Flutter-Covid-19-Tracker-App-Tutorials-main\lib\main.dart -Pbase-application-name=android.app.Application -Pdart-defines=Zmx1dHRlci5pbnNwZWN0b3Iuc3RydWN0dXJlZEVycm9ycz10cnVl,RkxVVFRFUl9XRUJfQVVUT19ERVRFQ1Q9dHJ1ZQ== -Pdart-obfuscation=false -Ptrack-widget-creation=true -Ptree-shake-icons=false -Pfilesystem-scheme=org-dartlang-root assembleDebug

Host: Intel(R) Core(TM) i5-6300U CPU @ 2.40GHz, 4 cores, 7G,  Windows 10 , 64 bit Build 19041 (10.0.19041.2546)
Time: Tue Feb 21 13:31:49 2023 Pakistan Standard Time elapsed time: 3.180202 seconds (0d 0h 0m 3s)

---------------  T H R E A D  ---------------

Current thread (0x0000025266757000):  JavaThread "pool-1-thread-1" [_thread_in_vm, id=15852, stack(0x00000091ccc00000,0x00000091ccd00000)]

Stack: [0x00000091ccc00000,0x00000091ccd00000],  sp=0x00000091cccfce80,  free space=1011k
Native frames: (J=compiled Java code, j=interpreted, Vv=VM code, C=native code)
V  [jvm.dll+0x37b443]
V  [jvm.dll+0x5fbc12]
V  [jvm.dll+0x37b2de]
V  [jvm.dll+0x3efce9]
C  [java.dll+0x1052]

Java frames: (J=compiled Java code, j=interpreted, Vv=VM code)
J 574  java.security.AccessController.doPrivileged(Ljava/security/PrivilegedExceptionAction;Ljava/security/AccessControlContext;)Ljava/lang/Object; java.base@11.0.12 (0 bytes) @ 0x0000025256f6b626 [0x0000025256f6b5c0+0x0000000000000066]
J 643 c1 java.net.URLClassLoader.findClass(Ljava/lang/String;)Ljava/lang/Class; java.base@11.0.12 (47 bytes) @ 0x000002524fb2fa34 [0x000002524fb2f8a0+0x0000000000000194]
J 556 c1 java.lang.ClassLoader.loadClass(Ljava/lang/String;Z)Ljava/lang/Class; java.base@11.0.12 (122 bytes) @ 0x000002524fae699c [0x000002524fae60e0+0x00000000000008bc]
J 556 c1 java.lang.ClassLoader.loadClass(Ljava/lang/String;Z)Ljava/lang/Class; java.base@11.0.12 (122 bytes) @ 0x000002524fae66c4 [0x000002524fae60e0+0x00000000000005e4]
J 548 c1 java.lang.ClassLoader.loadClass(Ljava/lang/String;)Ljava/lang/Class; java.base@11.0.12 (7 bytes) @ 0x000002524fae37bc [0x000002524fae36c0+0x00000000000000fc]
v  ~StubRoutines::call_stub
j  org.gradle.internal.logging.console.AbstractUserInputRenderer.onOutput(Lorg/gradle/internal/logging/events/OutputEvent;)V+1
j  org.gradle.internal.logging.console.ThrottlingOutputEventListener.renderNow()V+34
j  org.gradle.internal.logging.console.ThrottlingOutputEventListener.onOutput(Lorg/gradle/internal/logging/events/OutputEvent;)V+26
j  org.gradle.internal.logging.console.ThrottlingOutputEventListener$1.run()V+23
j  java.util.concurrent.Executors$RunnableAdapter.call()Ljava/lang/Object;+4 java.base@11.0.12
j  java.util.concurrent.FutureTask.runAndReset()Z+44 java.base@11.0.12
j  java.util.concurrent.ScheduledThreadPoolExecutor$ScheduledFutureTask.run()V+35 java.base@11.0.12
j  java.util.concurrent.ThreadPoolExecutor.runWorker(Ljava/util/concurrent/ThreadPoolExecutor$Worker;)V+92 java.base@11.0.12
j  java.util.concurrent.ThreadPoolExecutor$Worker.run()V+5 java.base@11.0.12
j  java.lang.Thread.run()V+11 java.base@11.0.12
v  ~StubRoutines::call_stub

siginfo: EXCEPTION_ACCESS_VIOLATION (0xc0000005), writing address 0x00000091cccf5e80


Register to memory mapping:

RIP=0x00007ffa345ab443 jvm.dll
RAX=0x0000000000000001 is an unknown value
RBX=0x00000091cccf5e80 is pointing into the stack for thread: 0x0000025266757000
RCX=0x0000000000001000 is an unknown value
RDX=0x0 is NULL
RSP=0x00000091cccfce80 is pointing into the stack for thread: 0x0000025266757000
RBP=0x0000025266757000 is a thread
RSI=0x0 is NULL
RDI=0x00000091cccfd030 is pointing into the stack for thread: 0x0000025266757000
R8 =0x00000091cccfce80 is pointing into the stack for thread: 0x0000025266757000
R9 =0x0000025266757000 is a thread
R10=0x00000091cccfd030 is pointing into the stack for thread: 0x0000025266757000
R11=0x00000091cccfd040 is pointing into the stack for thread: 0x0000025266757000
R12=0x000002524f4c2c00 is at code_begin+0 in an AdapterHandler
Adapter for signature: 0x000002524f4c2c00 is at code_begin+0 in 
[CodeBlob (0x000002524f4c2b90)]
Framesize: 0
BufferBlob (0x000002524f4c2b90) used for I2C/C2I adapters
R13=0x00000091cccfd070 is pointing into the stack for thread: 0x0000025266757000
R14=0x00000091cccfd040 is pointing into the stack for thread: 0x0000025266757000
R15=0x000002526670da01 points into unknown readable memory: 00 00 00 00 00 00 00


Registers:
RAX=0x0000000000000001, RBX=0x00000091cccf5e80, RCX=0x0000000000001000, RDX=0x0000000000000000
RSP=0x00000091cccfce80, RBP=0x0000025266757000, RSI=0x0000000000000000, RDI=0x00000091cccfd030
R8 =0x00000091cccfce80, R9 =0x0000025266757000, R10=0x00000091cccfd030, R11=0x00000091cccfd040
R12=0x000002524f4c2c00, R13=0x00000091cccfd070, R14=0x00000091cccfd040, R15=0x000002526670da01
RIP=0x00007ffa345ab443, EFLAGS=0x0000000000010202

Top of Stack: (sp=0x00000091cccfce80)
0x00000091cccfce80:   00000091cccfce80 0000000000000000
0x00000091cccfce90:   0000e1a2750dce41 00007ffa34803b9b
0x00000091cccfcea0:   0000e1a2750dce51 0000025266757000
0x00000091cccfceb0:   00000091cccfcf70 00007ffa3450079f
0x00000091cccfcec0:   00000091cccfd000 00007ffa343ae641
0x00000091cccfced0:   000002526546a980 00007ffa345b2a10
0x00000091cccfcee0:   000000000000000b 00007ffa34803b9b
0x00000091cccfcef0:   00000091cccfd000 00007ffa34805458
0x00000091cccfcf00:   0000025265a76bb8 0000025265e01f30
0x00000091cccfcf10:   000002524fb2f690 00007ffa343ae682
0x00000091cccfcf20:   000002524fb30028 00007ffa343ae3ec
0x00000091cccfcf30:   000002524fb2fa34 00007ffa3450064c
0x00000091cccfcf40:   000002524fb2f8a0 000002524fb2ff58
0x00000091cccfcf50:   000002526670da70 0000025265a76b70
0x00000091cccfcf60:   0000000000000000 0000025266757348
0x00000091cccfcf70:   0000025265e01f30 0000025266757000 

Instructions: (pc=0x00007ffa345ab443)
0x00007ffa345ab343:   c0 48 48 89 9c 24 10 01 00 00 4c 89 a4 24 d8 00
0x00007ffa345ab353:   00 00 48 89 84 24 80 00 00 00 4c 8b 20 80 3d d8
0x00007ffa345ab363:   52 69 00 00 74 10 83 bd a0 04 00 00 00 74 07 48
0x00007ffa345ab373:   8b 07 4c 8b 60 30 49 8b ce 4c 89 bc 24 d0 00 00
0x00007ffa345ab383:   00 e8 c7 14 00 00 41 8b 0e 89 84 24 20 01 00 00
0x00007ffa345ab393:   83 f9 0c 74 0a 83 f9 0d 74 05 45 32 ff eb 03 41
0x00007ffa345ab3a3:   b7 01 48 8b 07 33 c9 8b 40 20 c1 e8 03 a8 01 75
0x00007ffa345ab3b3:   19 49 8b 45 58 48 8b 00 48 89 84 24 28 01 00 00
0x00007ffa345ab3c3:   48 89 84 24 88 00 00 00 eb 10 48 89 8c 24 90 00
0x00007ffa345ab3d3:   00 00 48 89 8c 24 28 01 00 00 83 bd 08 04 00 00
0x00007ffa345ab3e3:   03 74 08 48 8b cd e8 f2 d8 37 00 e8 ad 06 28 00
0x00007ffa345ab3f3:   4c 8b c0 48 8b d7 48 8b cd 48 8b d8 e8 3c 55 27
0x00007ffa345ab403:   00 84 c0 75 1d 4c 8b cf 48 8d 15 76 51 4c 00 41
0x00007ffa345ab413:   b8 a7 01 00 00 48 8b cd e8 30 f6 f4 ff e9 90 01
0x00007ffa345ab423:   00 00 48 63 0d 04 4e 6a 00 33 d2 48 8b 05 73 21
0x00007ffa345ab433:   6c 00 48 f7 f1 48 83 f8 01 72 0e 66 90 48 2b d9
0x00007ffa345ab443:   c6 03 00 48 83 e8 01 75 f4 48 85 f6 74 51 48 8b
0x00007ffa345ab453:   06 48 8b ce ff 90 88 00 00 00 84 c0 0f 84 77 01
0x00007ffa345ab463:   00 00 48 8b 06 48 8b ce ff 90 d8 00 00 00 48 89
0x00007ffa345ab473:   85 f8 03 00 00 48 8b 07 48 8b 48 08 48 3b 0d 7a
0x00007ffa345ab483:   6e 68 00 73 12 48 3b 0d 69 6e 68 00 72 09 48 8b
0x00007ffa345ab493:   41 18 48 8b 08 eb 04 48 8b 49 18 4c 8b 61 18 4c
0x00007ffa345ab4a3:   8b 84 24 28 01 00 00 48 8d 4c 24 40 4d 8b ce 48
0x00007ffa345ab4b3:   89 6c 24 20 48 8b d7 e8 d1 fb ff ff 48 83 7d 08
0x00007ffa345ab4c3:   00 75 67 48 8b d5 48 8d 8c 24 98 00 00 00 e8 ca
0x00007ffa345ab4d3:   97 fc ff 41 8b 5d 68 49 8b cd 48 8b 3f 48 8b 35
0x00007ffa345ab4e3:   41 96 6a 00 e8 34 12 00 00 44 8b 84 24 20 01 00
0x00007ffa345ab4f3:   00 49 8d 56 08 48 89 6c 24 38 48 8d 4c 24 40 89
0x00007ffa345ab503:   5c 24 30 4c 8b cf 48 89 44 24 28 4c 89 64 24 20
0x00007ffa345ab513:   ff d6 48 83 7d 08 00 0f 84 e1 00 00 00 48 8d 8c
0x00007ffa345ab523:   24 98 00 00 00 e8 33 96 fc ff 48 8b 4c 24 40 48
0x00007ffa345ab533:   8b 44 24 48 4c 8b 89 e0 00 00 00 48 89 81 e0 00 


Stack slot to memory mapping:
stack at sp + 0 slots: 0x00000091cccfce80 is pointing into the stack for thread: 0x0000025266757000
stack at sp + 1 slots: 0x0 is NULL
stack at sp + 2 slots: 0x0000e1a2750dce41 is an unknown value
stack at sp + 3 slots: 0x00007ffa34803b9b jvm.dll
stack at sp + 4 slots: 0x0000e1a2750dce51 is an unknown value
stack at sp + 5 slots: 0x0000025266757000 is a thread
stack at sp + 6 slots: 0x00000091cccfcf70 is pointing into the stack for thread: 0x0000025266757000
stack at sp + 7 slots: 0x00007ffa3450079f jvm.dll


---------------  P R O C E S S  ---------------

Threads class SMR info:
_java_thread_list=0x000002526670e040, length=11, elements={
0x000002524b96c800, 0x00000252653e8000, 0x00000252653e9800, 0x0000025265402800,
0x0000025265405800, 0x0000025265408000, 0x000002526540c800, 0x0000025265414800,
0x0000025265426000, 0x0000025265ec4800, 0x0000025266757000
}

Java Threads: ( => current thread )
  0x000002524b96c800 JavaThread "main" [_thread_blocked, id=7744, stack(0x00000091cb900000,0x00000091cba00000)]
  0x00000252653e8000 JavaThread "Reference Handler" daemon [_thread_blocked, id=16084, stack(0x00000091cc000000,0x00000091cc100000)]
  0x00000252653e9800 JavaThread "Finalizer" daemon [_thread_blocked, id=16980, stack(0x00000091cc100000,0x00000091cc200000)]
  0x0000025265402800 JavaThread "Signal Dispatcher" daemon [_thread_blocked, id=14484, stack(0x00000091cc200000,0x00000091cc300000)]
  0x0000025265405800 JavaThread "Attach Listener" daemon [_thread_blocked, id=14940, stack(0x00000091cc300000,0x00000091cc400000)]
  0x0000025265408000 JavaThread "Service Thread" daemon [_thread_blocked, id=18552, stack(0x00000091cc400000,0x00000091cc500000)]
  0x000002526540c800 JavaThread "C2 CompilerThread0" daemon [_thread_blocked, id=14880, stack(0x00000091cc500000,0x00000091cc600000)]
  0x0000025265414800 JavaThread "C1 CompilerThread0" daemon [_thread_blocked, id=18872, stack(0x00000091cc600000,0x00000091cc700000)]
  0x0000025265426000 JavaThread "Sweeper thread" daemon [_thread_blocked, id=16624, stack(0x00000091cc700000,0x00000091cc800000)]
  0x0000025265ec4800 JavaThread "Common-Cleaner" daemon [_thread_blocked, id=1420, stack(0x00000091cc900000,0x00000091cca00000)]
=>0x0000025266757000 JavaThread "pool-1-thread-1" [_thread_in_vm, id=15852, stack(0x00000091ccc00000,0x00000091ccd00000)]

Other Threads:
  0x00000252653e2000 VMThread "VM Thread" [stack: 0x00000091cbf00000,0x00000091cc000000] [id=4128]
  0x0000025265eb8000 WatcherThread [stack: 0x00000091cc800000,0x00000091cc900000] [id=16612]
  0x000002524b984800 GCTaskThread "GC Thread#0" [stack: 0x00000091cba00000,0x00000091cbb00000] [id=7900]
  0x00000252661d0800 GCTaskThread "GC Thread#1" [stack: 0x00000091cca00000,0x00000091ccb00000] [id=14652]
  0x0000025266444800 GCTaskThread "GC Thread#2" [stack: 0x00000091ccb00000,0x00000091ccc00000] [id=12876]
  0x000002524b9b4800 ConcurrentGCThread "G1 Main Marker" [stack: 0x00000091cbb00000,0x00000091cbc00000] [id=17924]
  0x000002524b9b6000 ConcurrentGCThread "G1 Conc#0" [stack: 0x00000091cbc00000,0x00000091cbd00000] [id=17956]
  0x000002524ba43000 ConcurrentGCThread "G1 Refine#0" [stack: 0x00000091cbd00000,0x00000091cbe00000] [id=4860]
  0x000002524ba44000 ConcurrentGCThread "G1 Young RemSet Sampling" [stack: 0x00000091cbe00000,0x00000091cbf00000] [id=7912]

Threads with active compile tasks:

VM state:synchronizing (normal execution)

VM Mutex/Monitor currently owned by a thread:  ([mutex/lock_event])
[0x000002524b960e60] Threads_lock - owner thread: 0x00000252653e2000
[0x000002524b969e20] Heap_lock - owner thread: 0x000002524b96c800

Heap address: 0x0000000082e00000, size: 2002 MB, Compressed Oops mode: 32-bit
Narrow klass base: 0x0000000000000000, Narrow klass shift: 3
Compressed class space size: 1073741824 Address: 0x0000000100000000

Heap:
 garbage-first heap   total 129024K, used 19076K [0x0000000082e00000, 0x0000000100000000)
  region size 1024K, 13 young (13312K), 2 survivors (2048K)
 Metaspace       used 11275K, capacity 11496K, committed 11648K, reserved 1067008K
  class space    used 1227K, capacity 1301K, committed 1408K, reserved 1048576K
Heap Regions: E=young(eden), S=young(survivor), O=old, HS=humongous(starts), HC=humongous(continues), CS=collection set, F=free, A=archive, TAMS=top-at-mark-start (previous, next)
|   0|0x0000000082e00000, 0x0000000082e00000, 0x0000000082f00000|  0%| F|  |TAMS 0x0000000082e00000, 0x0000000082e00000| Untracked 
|   1|0x0000000082f00000, 0x0000000082f00000, 0x0000000083000000|  0%| F|  |TAMS 0x0000000082f00000, 0x0000000082f00000| Untracked 
|   2|0x0000000083000000, 0x0000000083000000, 0x0000000083100000|  0%| F|  |TAMS 0x0000000083000000, 0x0000000083000000| Untracked 
|   3|0x0000000083100000, 0x0000000083200000, 0x0000000083200000|100%|HS|  |TAMS 0x0000000083100000, 0x0000000083100000| Complete 
|   4|0x0000000083200000, 0x0000000083300000, 0x0000000083300000|100%|HC|  |TAMS 0x0000000083200000, 0x0000000083200000| Complete 
|   5|0x0000000083300000, 0x0000000083400000, 0x0000000083400000|100%|HC|  |TAMS 0x0000000083300000, 0x0000000083300000| Complete 
|   6|0x0000000083400000, 0x0000000083500000, 0x0000000083500000|100%| O|  |TAMS 0x0000000083400000, 0x0000000083400000| Untracked 
|   7|0x0000000083500000, 0x0000000083600000, 0x0000000083600000|100%| O|  |TAMS 0x0000000083500000, 0x0000000083500000| Untracked 
|   8|0x0000000083600000, 0x00000000836a1200, 0x0000000083700000| 62%| O|  |TAMS 0x0000000083600000, 0x0000000083600000| Untracked 
|   9|0x0000000083700000, 0x0000000083700000, 0x0000000083800000|  0%| F|  |TAMS 0x0000000083700000, 0x0000000083700000| Untracked 
|  10|0x0000000083800000, 0x0000000083800000, 0x0000000083900000|  0%| F|  |TAMS 0x0000000083800000, 0x0000000083800000| Untracked 
|  11|0x0000000083900000, 0x0000000083900000, 0x0000000083a00000|  0%| F|  |TAMS 0x0000000083900000, 0x0000000083900000| Untracked 
|  12|0x0000000083a00000, 0x0000000083a00000, 0x0000000083b00000|  0%| F|  |TAMS 0x0000000083a00000, 0x0000000083a00000| Untracked 
|  13|0x0000000083b00000, 0x0000000083b00000, 0x0000000083c00000|  0%| F|  |TAMS 0x0000000083b00000, 0x0000000083b00000| Untracked 
|  14|0x0000000083c00000, 0x0000000083c00000, 0x0000000083d00000|  0%| F|  |TAMS 0x0000000083c00000, 0x0000000083c00000| Untracked 
|  15|0x0000000083d00000, 0x0000000083d00000, 0x0000000083e00000|  0%| F|  |TAMS 0x0000000083d00000, 0x0000000083d00000| Untracked 
|  16|0x0000000083e00000, 0x0000000083e00000, 0x0000000083f00000|  0%| F|  |TAMS 0x0000000083e00000, 0x0000000083e00000| Untracked 
|  17|0x0000000083f00000, 0x0000000083f00000, 0x0000000084000000|  0%| F|  |TAMS 0x0000000083f00000, 0x0000000083f00000| Untracked 
|  18|0x0000000084000000, 0x0000000084000000, 0x0000000084100000|  0%| F|  |TAMS 0x0000000084000000, 0x0000000084000000| Untracked 
|  19|0x0000000084100000, 0x0000000084100000, 0x0000000084200000|  0%| F|  |TAMS 0x0000000084100000, 0x0000000084100000| Untracked 
|  20|0x0000000084200000, 0x0000000084200000, 0x0000000084300000|  0%| F|  |TAMS 0x0000000084200000, 0x0000000084200000| Untracked 
|  21|0x0000000084300000, 0x0000000084300000, 0x0000000084400000|  0%| F|  |TAMS 0x0000000084300000, 0x0000000084300000| Untracked 
|  22|0x0000000084400000, 0x0000000084400000, 0x0000000084500000|  0%| F|  |TAMS 0x0000000084400000, 0x0000000084400000| Untracked 
|  23|0x0000000084500000, 0x0000000084500000, 0x0000000084600000|  0%| F|  |TAMS 0x0000000084500000, 0x0000000084500000| Untracked 
|  24|0x0000000084600000, 0x0000000084600000, 0x0000000084700000|  0%| F|  |TAMS 0x0000000084600000, 0x0000000084600000| Untracked 
|  25|0x0000000084700000, 0x0000000084700000, 0x0000000084800000|  0%| F|  |TAMS 0x0000000084700000, 0x0000000084700000| Untracked 
|  26|0x0000000084800000, 0x0000000084800000, 0x0000000084900000|  0%| F|  |TAMS 0x0000000084800000, 0x0000000084800000| Untracked 
|  27|0x0000000084900000, 0x0000000084900000, 0x0000000084a00000|  0%| F|  |TAMS 0x0000000084900000, 0x0000000084900000| Untracked 
|  28|0x0000000084a00000, 0x0000000084a00000, 0x0000000084b00000|  0%| F|  |TAMS 0x0000000084a00000, 0x0000000084a00000| Untracked 
|  29|0x0000000084b00000, 0x0000000084b00000, 0x0000000084c00000|  0%| F|  |TAMS 0x0000000084b00000, 0x0000000084b00000| Untracked 
|  30|0x0000000084c00000, 0x0000000084c00000, 0x0000000084d00000|  0%| F|  |TAMS 0x0000000084c00000, 0x0000000084c00000| Untracked 
|  31|0x0000000084d00000, 0x0000000084d00000, 0x0000000084e00000|  0%| F|  |TAMS 0x0000000084d00000, 0x0000000084d00000| Untracked 
|  32|0x0000000084e00000, 0x0000000084e00000, 0x0000000084f00000|  0%| F|  |TAMS 0x0000000084e00000, 0x0000000084e00000| Untracked 
|  33|0x0000000084f00000, 0x0000000084f00000, 0x0000000085000000|  0%| F|  |TAMS 0x0000000084f00000, 0x0000000084f00000| Untracked 
|  34|0x0000000085000000, 0x0000000085000000, 0x0000000085100000|  0%| F|  |TAMS 0x0000000085000000, 0x0000000085000000| Untracked 
|  35|0x0000000085100000, 0x0000000085100000, 0x0000000085200000|  0%| F|  |TAMS 0x0000000085100000, 0x0000000085100000| Untracked 
|  36|0x0000000085200000, 0x0000000085200000, 0x0000000085300000|  0%| F|  |TAMS 0x0000000085200000, 0x0000000085200000| Untracked 
|  37|0x0000000085300000, 0x0000000085300000, 0x0000000085400000|  0%| F|  |TAMS 0x0000000085300000, 0x0000000085300000| Untracked 
|  38|0x0000000085400000, 0x0000000085400000, 0x0000000085500000|  0%| F|  |TAMS 0x0000000085400000, 0x0000000085400000| Untracked 
|  39|0x0000000085500000, 0x0000000085500000, 0x0000000085600000|  0%| F|  |TAMS 0x0000000085500000, 0x0000000085500000| Untracked 
|  40|0x0000000085600000, 0x0000000085600000, 0x0000000085700000|  0%| F|  |TAMS 0x0000000085600000, 0x0000000085600000| Untracked 
|  41|0x0000000085700000, 0x0000000085700000, 0x0000000085800000|  0%| F|  |TAMS 0x0000000085700000, 0x0000000085700000| Untracked 
|  42|0x0000000085800000, 0x0000000085800000, 0x0000000085900000|  0%| F|  |TAMS 0x0000000085800000, 0x0000000085800000| Untracked 
|  43|0x0000000085900000, 0x0000000085900000, 0x0000000085a00000|  0%| F|  |TAMS 0x0000000085900000, 0x0000000085900000| Untracked 
|  44|0x0000000085a00000, 0x0000000085a00000, 0x0000000085b00000|  0%| F|  |TAMS 0x0000000085a00000, 0x0000000085a00000| Untracked 
|  45|0x0000000085b00000, 0x0000000085b00000, 0x0000000085c00000|  0%| F|  |TAMS 0x0000000085b00000, 0x0000000085b00000| Untracked 
|  46|0x0000000085c00000, 0x0000000085c00000, 0x0000000085d00000|  0%| F|  |TAMS 0x0000000085c00000, 0x0000000085c00000| Untracked 
|  47|0x0000000085d00000, 0x0000000085d00000, 0x0000000085e00000|  0%| F|  |TAMS 0x0000000085d00000, 0x0000000085d00000| Untracked 
|  48|0x0000000085e00000, 0x0000000085e00000, 0x0000000085f00000|  0%| F|  |TAMS 0x0000000085e00000, 0x0000000085e00000| Untracked 
|  49|0x0000000085f00000, 0x0000000085f00000, 0x0000000086000000|  0%| F|  |TAMS 0x0000000085f00000, 0x0000000085f00000| Untracked 
|  50|0x0000000086000000, 0x0000000086000000, 0x0000000086100000|  0%| F|  |TAMS 0x0000000086000000, 0x0000000086000000| Untracked 
|  51|0x0000000086100000, 0x0000000086100000, 0x0000000086200000|  0%| F|  |TAMS 0x0000000086100000, 0x0000000086100000| Untracked 
|  52|0x0000000086200000, 0x0000000086200000, 0x0000000086300000|  0%| F|  |TAMS 0x0000000086200000, 0x0000000086200000| Untracked 
|  53|0x0000000086300000, 0x0000000086300000, 0x0000000086400000|  0%| F|  |TAMS 0x0000000086300000, 0x0000000086300000| Untracked 
|  54|0x0000000086400000, 0x0000000086400000, 0x0000000086500000|  0%| F|  |TAMS 0x0000000086400000, 0x0000000086400000| Untracked 
|  55|0x0000000086500000, 0x0000000086500000, 0x0000000086600000|  0%| F|  |TAMS 0x0000000086500000, 0x0000000086500000| Untracked 
|  56|0x0000000086600000, 0x0000000086600000, 0x0000000086700000|  0%| F|  |TAMS 0x0000000086600000, 0x0000000086600000| Untracked 
|  57|0x0000000086700000, 0x0000000086700000, 0x0000000086800000|  0%| F|  |TAMS 0x0000000086700000, 0x0000000086700000| Untracked 
|  58|0x0000000086800000, 0x0000000086800000, 0x0000000086900000|  0%| F|  |TAMS 0x0000000086800000, 0x0000000086800000| Untracked 
|  59|0x0000000086900000, 0x0000000086900000, 0x0000000086a00000|  0%| F|  |TAMS 0x0000000086900000, 0x0000000086900000| Untracked 
|  60|0x0000000086a00000, 0x0000000086a00000, 0x0000000086b00000|  0%| F|  |TAMS 0x0000000086a00000, 0x0000000086a00000| Untracked 
|  61|0x0000000086b00000, 0x0000000086b00000, 0x0000000086c00000|  0%| F|  |TAMS 0x0000000086b00000, 0x0000000086b00000| Untracked 
|  62|0x0000000086c00000, 0x0000000086c00000, 0x0000000086d00000|  0%| F|  |TAMS 0x0000000086c00000, 0x0000000086c00000| Untracked 
|  63|0x0000000086d00000, 0x0000000086d00000, 0x0000000086e00000|  0%| F|  |TAMS 0x0000000086d00000, 0x0000000086d00000| Untracked 
|  64|0x0000000086e00000, 0x0000000086e00000, 0x0000000086f00000|  0%| F|  |TAMS 0x0000000086e00000, 0x0000000086e00000| Untracked 
|  65|0x0000000086f00000, 0x0000000086f00000, 0x0000000087000000|  0%| F|  |TAMS 0x0000000086f00000, 0x0000000086f00000| Untracked 
|  66|0x0000000087000000, 0x0000000087000000, 0x0000000087100000|  0%| F|  |TAMS 0x0000000087000000, 0x0000000087000000| Untracked 
|  67|0x0000000087100000, 0x0000000087100000, 0x0000000087200000|  0%| F|  |TAMS 0x0000000087100000, 0x0000000087100000| Untracked 
|  68|0x0000000087200000, 0x0000000087200000, 0x0000000087300000|  0%| F|  |TAMS 0x0000000087200000, 0x0000000087200000| Untracked 
|  69|0x0000000087300000, 0x0000000087300000, 0x0000000087400000|  0%| F|  |TAMS 0x0000000087300000, 0x0000000087300000| Untracked 
|  70|0x0000000087400000, 0x0000000087400000, 0x0000000087500000|  0%| F|  |TAMS 0x0000000087400000, 0x0000000087400000| Untracked 
|  71|0x0000000087500000, 0x0000000087500000, 0x0000000087600000|  0%| F|  |TAMS 0x0000000087500000, 0x0000000087500000| Untracked 
|  72|0x0000000087600000, 0x0000000087600000, 0x0000000087700000|  0%| F|  |TAMS 0x0000000087600000, 0x0000000087600000| Untracked 
|  73|0x0000000087700000, 0x0000000087700000, 0x0000000087800000|  0%| F|  |TAMS 0x0000000087700000, 0x0000000087700000| Untracked 
|  74|0x0000000087800000, 0x0000000087800000, 0x0000000087900000|  0%| F|  |TAMS 0x0000000087800000, 0x0000000087800000| Untracked 
|  75|0x0000000087900000, 0x0000000087900000, 0x0000000087a00000|  0%| F|  |TAMS 0x0000000087900000, 0x0000000087900000| Untracked 
|  76|0x0000000087a00000, 0x0000000087a00000, 0x0000000087b00000|  0%| F|  |TAMS 0x0000000087a00000, 0x0000000087a00000| Untracked 
|  77|0x0000000087b00000, 0x0000000087b00000, 0x0000000087c00000|  0%| F|  |TAMS 0x0000000087b00000, 0x0000000087b00000| Untracked 
|  78|0x0000000087c00000, 0x0000000087c00000, 0x0000000087d00000|  0%| F|  |TAMS 0x0000000087c00000, 0x0000000087c00000| Untracked 
|  79|0x0000000087d00000, 0x0000000087d00000, 0x0000000087e00000|  0%| F|  |TAMS 0x0000000087d00000, 0x0000000087d00000| Untracked 
|  80|0x0000000087e00000, 0x0000000087e00000, 0x0000000087f00000|  0%| F|  |TAMS 0x0000000087e00000, 0x0000000087e00000| Untracked 
|  81|0x0000000087f00000, 0x0000000087f00000, 0x0000000088000000|  0%| F|  |TAMS 0x0000000087f00000, 0x0000000087f00000| Untracked 
|  82|0x0000000088000000, 0x0000000088000000, 0x0000000088100000|  0%| F|  |TAMS 0x0000000088000000, 0x0000000088000000| Untracked 
|  83|0x0000000088100000, 0x0000000088100000, 0x0000000088200000|  0%| F|  |TAMS 0x0000000088100000, 0x0000000088100000| Untracked 
|  84|0x0000000088200000, 0x0000000088200000, 0x0000000088300000|  0%| F|  |TAMS 0x0000000088200000, 0x0000000088200000| Untracked 
|  85|0x0000000088300000, 0x0000000088300000, 0x0000000088400000|  0%| F|  |TAMS 0x0000000088300000, 0x0000000088300000| Untracked 
|  86|0x0000000088400000, 0x0000000088400000, 0x0000000088500000|  0%| F|  |TAMS 0x0000000088400000, 0x0000000088400000| Untracked 
|  87|0x0000000088500000, 0x0000000088500000, 0x0000000088600000|  0%| F|  |TAMS 0x0000000088500000, 0x0000000088500000| Untracked 
|  88|0x0000000088600000, 0x0000000088600000, 0x0000000088700000|  0%| F|  |TAMS 0x0000000088600000, 0x0000000088600000| Untracked 
|  89|0x0000000088700000, 0x0000000088700000, 0x0000000088800000|  0%| F|  |TAMS 0x0000000088700000, 0x0000000088700000| Untracked 
|  90|0x0000000088800000, 0x0000000088800000, 0x0000000088900000|  0%| F|  |TAMS 0x0000000088800000, 0x0000000088800000| Untracked 
|  91|0x0000000088900000, 0x0000000088900000, 0x0000000088a00000|  0%| F|  |TAMS 0x0000000088900000, 0x0000000088900000| Untracked 
|  92|0x0000000088a00000, 0x0000000088a00000, 0x0000000088b00000|  0%| F|  |TAMS 0x0000000088a00000, 0x0000000088a00000| Untracked 
|  93|0x0000000088b00000, 0x0000000088b00000, 0x0000000088c00000|  0%| F|  |TAMS 0x0000000088b00000, 0x0000000088b00000| Untracked 
|  94|0x0000000088c00000, 0x0000000088c00000, 0x0000000088d00000|  0%| F|  |TAMS 0x0000000088c00000, 0x0000000088c00000| Untracked 
|  95|0x0000000088d00000, 0x0000000088d00000, 0x0000000088e00000|  0%| F|  |TAMS 0x0000000088d00000, 0x0000000088d00000| Untracked 
|  96|0x0000000088e00000, 0x0000000088e00000, 0x0000000088f00000|  0%| F|  |TAMS 0x0000000088e00000, 0x0000000088e00000| Untracked 
|  97|0x0000000088f00000, 0x0000000088f00000, 0x0000000089000000|  0%| F|  |TAMS 0x0000000088f00000, 0x0000000088f00000| Untracked 
|  98|0x0000000089000000, 0x0000000089000000, 0x0000000089100000|  0%| F|  |TAMS 0x0000000089000000, 0x0000000089000000| Untracked 
|  99|0x0000000089100000, 0x0000000089100000, 0x0000000089200000|  0%| F|  |TAMS 0x0000000089100000, 0x0000000089100000| Untracked 
| 100|0x0000000089200000, 0x0000000089200000, 0x0000000089300000|  0%| F|  |TAMS 0x0000000089200000, 0x0000000089200000| Untracked 
| 101|0x0000000089300000, 0x0000000089300000, 0x0000000089400000|  0%| F|  |TAMS 0x0000000089300000, 0x0000000089300000| Untracked 
| 102|0x0000000089400000, 0x0000000089400000, 0x0000000089500000|  0%| F|  |TAMS 0x0000000089400000, 0x0000000089400000| Untracked 
| 103|0x0000000089500000, 0x0000000089500000, 0x0000000089600000|  0%| F|  |TAMS 0x0000000089500000, 0x0000000089500000| Untracked 
| 104|0x0000000089600000, 0x0000000089600000, 0x0000000089700000|  0%| F|  |TAMS 0x0000000089600000, 0x0000000089600000| Untracked 
| 105|0x0000000089700000, 0x0000000089700000, 0x0000000089800000|  0%| F|  |TAMS 0x0000000089700000, 0x0000000089700000| Untracked 
| 106|0x0000000089800000, 0x0000000089800000, 0x0000000089900000|  0%| F|  |TAMS 0x0000000089800000, 0x0000000089800000| Untracked 
| 107|0x0000000089900000, 0x0000000089900000, 0x0000000089a00000|  0%| F|  |TAMS 0x0000000089900000, 0x0000000089900000| Untracked 
| 108|0x0000000089a00000, 0x0000000089a00000, 0x0000000089b00000|  0%| F|  |TAMS 0x0000000089a00000, 0x0000000089a00000| Untracked 
| 109|0x0000000089b00000, 0x0000000089b00000, 0x0000000089c00000|  0%| F|  |TAMS 0x0000000089b00000, 0x0000000089b00000| Untracked 
| 110|0x0000000089c00000, 0x0000000089d00000, 0x0000000089d00000|100%| S|CS|TAMS 0x0000000089c00000, 0x0000000089c00000| Complete 
| 111|0x0000000089d00000, 0x0000000089e00000, 0x0000000089e00000|100%| S|CS|TAMS 0x0000000089d00000, 0x0000000089d00000| Complete 
| 112|0x0000000089e00000, 0x0000000089e00000, 0x0000000089f00000|  0%| F|  |TAMS 0x0000000089e00000, 0x0000000089e00000| Untracked 
| 113|0x0000000089f00000, 0x0000000089f00000, 0x000000008a000000|  0%| F|  |TAMS 0x0000000089f00000, 0x0000000089f00000| Untracked 
| 114|0x000000008a000000, 0x000000008a000000, 0x000000008a100000|  0%| F|  |TAMS 0x000000008a000000, 0x000000008a000000| Untracked 
| 115|0x000000008a100000, 0x000000008a200000, 0x000000008a200000|100%| E|CS|TAMS 0x000000008a100000, 0x000000008a100000| Complete 
| 116|0x000000008a200000, 0x000000008a300000, 0x000000008a300000|100%| E|CS|TAMS 0x000000008a200000, 0x000000008a200000| Complete 
| 117|0x000000008a300000, 0x000000008a400000, 0x000000008a400000|100%| E|CS|TAMS 0x000000008a300000, 0x000000008a300000| Complete 
| 118|0x000000008a400000, 0x000000008a500000, 0x000000008a500000|100%| E|CS|TAMS 0x000000008a400000, 0x000000008a400000| Complete 
| 119|0x000000008a500000, 0x000000008a600000, 0x000000008a600000|100%| E|CS|TAMS 0x000000008a500000, 0x000000008a500000| Complete 
| 120|0x000000008a600000, 0x000000008a700000, 0x000000008a700000|100%| E|CS|TAMS 0x000000008a600000, 0x000000008a600000| Complete 
| 121|0x000000008a700000, 0x000000008a800000, 0x000000008a800000|100%| E|CS|TAMS 0x000000008a700000, 0x000000008a700000| Complete 
| 122|0x000000008a800000, 0x000000008a900000, 0x000000008a900000|100%| E|CS|TAMS 0x000000008a800000, 0x000000008a800000| Complete 
| 123|0x000000008a900000, 0x000000008aa00000, 0x000000008aa00000|100%| E|CS|TAMS 0x000000008a900000, 0x000000008a900000| Complete 
| 124|0x000000008aa00000, 0x000000008ab00000, 0x000000008ab00000|100%| E|CS|TAMS 0x000000008aa00000, 0x000000008aa00000| Complete 
| 125|0x000000008ab00000, 0x000000008ac00000, 0x000000008ac00000|100%| E|CS|TAMS 0x000000008ab00000, 0x000000008ab00000| Complete 

Card table byte_map: [0x000002525e870000,0x000002525ec60000] _byte_map_base: 0x000002525e459000

Marking Bits (Prev, Next): (CMBitMap*) 0x000002524b9abd48, (CMBitMap*) 0x000002524b9abd80
 Prev Bits: [0x000002525f050000, 0x0000025260f98000)
 Next Bits: [0x0000025260fa0000, 0x0000025262ee8000)

Polling page: 0x00000252497d0000

Metaspace:

Usage:
  Non-class:      9.96 MB capacity,     9.81 MB ( 99%) used,   134.92 KB (  1%) free+waste,    12.06 KB ( <1%) overhead. 
      Class:      1.27 MB capacity,     1.20 MB ( 94%) used,    67.42 KB (  5%) free+waste,     6.00 KB ( <1%) overhead. 
       Both:     11.23 MB capacity,    11.01 MB ( 98%) used,   202.34 KB (  2%) free+waste,    18.06 KB ( <1%) overhead. 

Virtual space:
  Non-class space:       18.00 MB reserved,      10.00 MB ( 56%) committed 
      Class space:        1.00 GB reserved,       1.38 MB ( <1%) committed 
             Both:        1.02 GB reserved,      11.38 MB (  1%) committed 

Chunk freelists:
   Non-Class:  45.00 KB
       Class:  11.00 KB
        Both:  56.00 KB

MaxMetaspaceSize: 17179869184.00 GB
CompressedClassSpaceSize: 1.00 GB
Initial GC threshold: 20.80 MB
Current GC threshold: 20.80 MB
CDS: off

CodeHeap 'non-profiled nmethods': size=120064Kb used=324Kb max_used=324Kb free=119739Kb
 bounds [0x0000025256f40000, 0x00000252571b0000, 0x000002525e480000]
CodeHeap 'profiled nmethods': size=120000Kb used=1716Kb max_used=1716Kb free=118283Kb
 bounds [0x000002524fa10000, 0x000002524fc80000, 0x0000025256f40000]
CodeHeap 'non-nmethods': size=5696Kb used=1128Kb max_used=1144Kb free=4567Kb
 bounds [0x000002524f480000, 0x000002524f6f0000, 0x000002524fa10000]
 total_blobs=1293 nmethods=918 adapters=288
 compilation: enabled
              stopped_count=0, restarted_count=0
 full_count=0

Compilation events (20 events):
Event: 3.129 Thread 0x0000025265414800 nmethod 911 0x000002524fbb9790 code [0x000002524fbb9960, 0x000002524fbb9bf8]
Event: 3.129 Thread 0x0000025265414800  909       3       jdk.internal.org.objectweb.asm.ClassWriter::put122 (15 bytes)
Event: 3.129 Thread 0x0000025265414800 nmethod 909 0x000002524fbb9d10 code [0x000002524fbb9ee0, 0x000002524fbba078]
Event: 3.129 Thread 0x0000025265414800  912       3       jdk.internal.org.objectweb.asm.MethodWriter::visitVarInsn (300 bytes)
Event: 3.130 Thread 0x0000025265414800 nmethod 912 0x000002524fbba190 code [0x000002524fbba400, 0x000002524fbbadc8]
Event: 3.130 Thread 0x0000025265414800  910       1       java.lang.invoke.LambdaForm$NamedFunction::intrinsicName (5 bytes)
Event: 3.130 Thread 0x0000025265414800 nmethod 910 0x0000025256f90510 code [0x0000025256f906c0, 0x0000025256f90778]
Event: 3.130 Thread 0x0000025265414800  908       3       java.lang.invoke.MethodHandle::<init> (37 bytes)
Event: 3.131 Thread 0x0000025265414800 nmethod 908 0x000002524fbbb110 code [0x000002524fbbb320, 0x000002524fbbb878]
Event: 3.131 Thread 0x0000025265414800  914       3       java.lang.invoke.MethodTypeForm::unpack (30 bytes)
Event: 3.131 Thread 0x0000025265414800 nmethod 914 0x000002524fbbbb10 code [0x000002524fbbbcc0, 0x000002524fbbbdd8]
Event: 3.131 Thread 0x0000025265414800  915       3       java.lang.invoke.LambdaForm::parameterType (9 bytes)
Event: 3.131 Thread 0x0000025265414800 nmethod 915 0x000002524fbbbe90 code [0x000002524fbbc040, 0x000002524fbbc188]
Event: 3.131 Thread 0x0000025265414800  913       3       java.lang.ref.SoftReference::<init> (13 bytes)
Event: 3.131 Thread 0x0000025265414800 nmethod 913 0x000002524fbbc290 code [0x000002524fbbc460, 0x000002524fbbc778]
Event: 3.132 Thread 0x0000025265414800  917       3       jdk.internal.org.objectweb.asm.ClassWriter::newStringishItem (68 bytes)
Event: 3.132 Thread 0x0000025265414800 nmethod 917 0x000002524fbbc890 code [0x000002524fbbcaa0, 0x000002524fbbcdf8]
Event: 3.132 Thread 0x0000025265414800  916       3       java.lang.invoke.LambdaForm$Name::isParam (13 bytes)
Event: 3.132 Thread 0x0000025265414800 nmethod 916 0x000002524fbbcf90 code [0x000002524fbbd140, 0x000002524fbbd298]
Event: 3.133 Thread 0x000002526540c800 nmethod 891 0x0000025256f90810 code [0x0000025256f909a0, 0x0000025256f90bd8]

GC Heap History (2 events):
Event: 2.376 GC heap before
{Heap before GC invocations=0 (full 0):
 garbage-first heap   total 129024K, used 19456K [0x0000000082e00000, 0x0000000100000000)
  region size 1024K, 14 young (14336K), 0 survivors (0K)
 Metaspace       used 8070K, capacity 8273K, committed 8576K, reserved 1056768K
  class space    used 729K, capacity 818K, committed 896K, reserved 1048576K
}
Event: 2.385 GC heap after
{Heap after GC invocations=1 (full 0):
 garbage-first heap   total 129024K, used 7812K [0x0000000082e00000, 0x0000000100000000)
  region size 1024K, 2 young (2048K), 2 survivors (2048K)
 Metaspace       used 8070K, capacity 8273K, committed 8576K, reserved 1056768K
  class space    used 729K, capacity 818K, committed 896K, reserved 1048576K
}

Deoptimization events (20 events):
Event: 2.779 Thread 0x000002524b96c800 Uncommon trap: trap_request=0xffffff4d fr.pc=0x0000025256f5f730 relative=0x00000000000001d0
Event: 2.779 Thread 0x000002524b96c800 Uncommon trap: reason=unstable_if action=reinterpret pc=0x0000025256f5f730 method=java.util.regex.Matcher.reset()Ljava/util/regex/Matcher; @ 47 c2
Event: 2.779 Thread 0x000002524b96c800 DEOPT PACKING pc=0x0000025256f5f730 sp=0x00000091cb9fdcf0
Event: 2.779 Thread 0x000002524b96c800 DEOPT UNPACKING pc=0x000002524f4ca1af sp=0x00000091cb9fdc78 mode 2
Event: 2.779 Thread 0x000002524b96c800 Uncommon trap: trap_request=0xffffffde fr.pc=0x0000025256f5fef0 relative=0x00000000000003d0
Event: 2.779 Thread 0x000002524b96c800 Uncommon trap: reason=class_check action=maybe_recompile pc=0x0000025256f5fef0 method=java.util.regex.Matcher.match(II)Z @ 121 c2
Event: 2.779 Thread 0x000002524b96c800 DEOPT PACKING pc=0x0000025256f5fef0 sp=0x00000091cb9fdd40
Event: 2.779 Thread 0x000002524b96c800 DEOPT UNPACKING pc=0x000002524f4ca1af sp=0x00000091cb9fdce8 mode 2
Event: 2.779 Thread 0x000002524b96c800 Uncommon trap: trap_request=0xffffffde fr.pc=0x0000025256f5fef0 relative=0x00000000000003d0
Event: 2.779 Thread 0x000002524b96c800 Uncommon trap: reason=class_check action=maybe_recompile pc=0x0000025256f5fef0 method=java.util.regex.Matcher.match(II)Z @ 121 c2
Event: 2.779 Thread 0x000002524b96c800 DEOPT PACKING pc=0x0000025256f5fef0 sp=0x00000091cb9fdd40
Event: 2.779 Thread 0x000002524b96c800 DEOPT UNPACKING pc=0x000002524f4ca1af sp=0x00000091cb9fdce8 mode 2
Event: 2.780 Thread 0x000002524b96c800 Uncommon trap: trap_request=0xffffffde fr.pc=0x0000025256f5fef0 relative=0x00000000000003d0
Event: 2.780 Thread 0x000002524b96c800 Uncommon trap: reason=class_check action=maybe_recompile pc=0x0000025256f5fef0 method=java.util.regex.Matcher.match(II)Z @ 121 c2
Event: 2.781 Thread 0x000002524b96c800 DEOPT PACKING pc=0x0000025256f5fef0 sp=0x00000091cb9fdbc0
Event: 2.781 Thread 0x000002524b96c800 DEOPT UNPACKING pc=0x000002524f4ca1af sp=0x00000091cb9fdb68 mode 2
Event: 2.781 Thread 0x000002524b96c800 Uncommon trap: trap_request=0xffffffde fr.pc=0x0000025256f5fef0 relative=0x00000000000003d0
Event: 2.781 Thread 0x000002524b96c800 Uncommon trap: reason=class_check action=maybe_recompile pc=0x0000025256f5fef0 method=java.util.regex.Matcher.match(II)Z @ 121 c2
Event: 2.781 Thread 0x000002524b96c800 DEOPT PACKING pc=0x0000025256f5fef0 sp=0x00000091cb9fdbc0
Event: 2.781 Thread 0x000002524b96c800 DEOPT UNPACKING pc=0x000002524f4ca1af sp=0x00000091cb9fdb68 mode 2

Classes redefined (0 events):
No events

Internal exceptions (7 events):
Event: 0.527 Thread 0x000002524b96c800 Exception <a 'java/lang/NoSuchMethodError'{0x000000008aa8ccb0}: 'int java.lang.invoke.DirectMethodHandle$Holder.invokeSpecialIFC(java.lang.Object, java.lang.Object, int)'> (0x000000008aa8ccb0) thrown at [./src/hotspot/share/interpreter/linkResolver.cpp, line 773]
Event: 0.738 Thread 0x000002524b96c800 Exception <a 'java/lang/NoSuchMethodError'{0x000000008a818630}: 'int java.lang.invoke.DirectMethodHandle$Holder.invokeStaticInit(java.lang.Object, java.lang.Object)'> (0x000000008a818630) thrown at [./src/hotspot/share/interpreter/linkResolver.cpp, line 773]
Event: 1.260 Thread 0x000002524b96c800 Exception <a 'java/lang/NoSuchMethodError'{0x000000008a8daca0}: 'int java.lang.invoke.DirectMethodHandle$Holder.invokeSpecial(java.lang.Object, java.lang.Object, java.lang.Object, java.lang.Object)'> (0x000000008a8daca0) thrown at [./src/hotspot/share/interpreter/linkResolver.cpp, line 773]
Event: 2.881 Thread 0x000002524b96c800 Exception <a 'java/lang/NoClassDefFoundError'{0x000000008a687fe0}: org/slf4j/impl/StaticMarkerBinder> (0x000000008a687fe0) thrown at [./src/hotspot/share/classfile/systemDictionary.cpp, line 220]
Event: 2.903 Thread 0x000002524b96c800 Exception <a 'java/lang/NoSuchMethodError'{0x000000008a5224f8}: 'java.lang.Object java.lang.invoke.DirectMethodHandle$Holder.invokeVirtual(java.lang.Object, java.lang.Object, java.lang.Object, java.lang.Object, java.lang.Object)'> (0x000000008a5224f8) thrown at [./src/hotspot/share/interpreter/linkResolver.cpp, line 773]
Event: 3.120 Thread 0x000002524b96c800 Exception <a 'java/lang/NoSuchMethodError'{0x000000008a2c0f10}: 'java.lang.Object java.lang.invoke.Invokers$Holder.invoker(java.lang.Object, java.lang.Object, java.lang.Object, java.lang.Object, java.lang.Object)'> (0x000000008a2c0f10) thrown at [./src/hotspot/share/interpreter/linkResolver.cpp, line 773]
Event: 3.127 Thread 0x000002524b96c800 Exception <a 'java/lang/NoSuchMethodError'{0x000000008a2d1c78}: 'void java.lang.invoke.DelegatingMethodHandle$Holder.delegate(java.lang.Object, java.lang.Object, int, java.lang.Object)'> (0x000000008a2d1c78) thrown at [./src/hotspot/share/interpreter/linkResolver.cpp, line 773]

Events (20 events):
Event: 3.135 loading class org/gradle/internal/nativeintegration/filesystem/jdk7/Jdk7Symlink
Event: 3.135 loading class org/gradle/internal/nativeintegration/filesystem/jdk7/Jdk7Symlink done
Event: 3.136 loading class org/gradle/internal/nativeintegration/filesystem/services/GenericFileSystem
Event: 3.136 loading class org/gradle/internal/nativeintegration/filesystem/services/GenericFileSystem done
Event: 3.137 loading class org/gradle/internal/file/FileException
Event: 3.137 loading class org/gradle/internal/file/FileException done
Event: 3.139 Executing VM operation: RevokeBias
Event: 3.139 Executing VM operation: RevokeBias done
Event: 3.139 Executing VM operation: RevokeBias
Event: 3.139 Executing VM operation: RevokeBias done
Event: 3.139 loading class org/gradle/internal/logging/events/UserInputRequestEvent
Event: 3.140 loading class org/gradle/internal/logging/events/UserInputRequestEvent done
Event: 3.141 loading class org/gradle/internal/nativeintegration/filesystem/services/EmptyChmod
Event: 3.141 loading class org/gradle/internal/nativeintegration/filesystem/services/EmptyChmod done
Event: 3.142 loading class java/io/FileNotFoundException
Event: 3.142 loading class java/io/FileNotFoundException done
Event: 3.142 loading class org/gradle/internal/nativeintegration/filesystem/services/FallbackStat
Event: 3.142 loading class org/gradle/internal/nativeintegration/filesystem/services/FallbackStat done
Event: 3.142 loading class org/gradle/api/internal/file/collections/DefaultDirectoryFileTreeFactory
Event: 3.142 loading class org/gradle/api/internal/file/collections/DefaultDirectoryFileTreeFactory done


Dynamic libraries:
0x00007ff6b14a0000 - 0x00007ff6b14aa000 	C:\Program Files\Android\Android Studio\jre\bin\java.exe
0x00007ffa823f0000 - 0x00007ffa825e8000 	C:\WINDOWS\SYSTEM32\ntdll.dll
0x00007ffa82130000 - 0x00007ffa821ef000 	C:\WINDOWS\System32\KERNEL32.DLL
0x00007ffa7fae0000 - 0x00007ffa7fdb2000 	C:\WINDOWS\System32\KERNELBASE.dll
0x00007ffa80220000 - 0x00007ffa80320000 	C:\WINDOWS\System32\ucrtbase.dll
0x00007ffa78e40000 - 0x00007ffa78e59000 	C:\Program Files\Android\Android Studio\jre\bin\jli.dll
0x00007ffa80a80000 - 0x00007ffa80c21000 	C:\WINDOWS\System32\USER32.dll
0x00007ffa80320000 - 0x00007ffa80342000 	C:\WINDOWS\System32\win32u.dll
0x00007ffa81bf0000 - 0x00007ffa81c1b000 	C:\WINDOWS\System32\GDI32.dll
0x00007ffa7fee0000 - 0x00007ffa7ffef000 	C:\WINDOWS\System32\gdi32full.dll
0x00007ffa7fff0000 - 0x00007ffa8008d000 	C:\WINDOWS\System32\msvcp_win.dll
0x00007ffa78e20000 - 0x00007ffa78e37000 	C:\Program Files\Android\Android Studio\jre\bin\VCRUNTIME140.dll
0x00007ffa69b80000 - 0x00007ffa69e1a000 	C:\WINDOWS\WinSxS\amd64_microsoft.windows.common-controls_6595b64144ccf1df_6.0.19041.1110_none_60b5254171f9507e\COMCTL32.dll
0x00007ffa81b50000 - 0x00007ffa81bee000 	C:\WINDOWS\System32\msvcrt.dll
0x00007ffa80a40000 - 0x00007ffa80a72000 	C:\WINDOWS\System32\IMM32.DLL
0x00007ffa6e8d0000 - 0x00007ffa6e96d000 	C:\Program Files\Android\Android Studio\jre\bin\msvcp140.dll
0x00007ffa34230000 - 0x00007ffa34d15000 	C:\Program Files\Android\Android Studio\jre\bin\server\jvm.dll
0x00007ffa81470000 - 0x00007ffa8151e000 	C:\WINDOWS\System32\ADVAPI32.dll
0x00007ffa81c20000 - 0x00007ffa81cbc000 	C:\WINDOWS\System32\sechost.dll
0x00007ffa821f0000 - 0x00007ffa82315000 	C:\WINDOWS\System32\RPCRT4.dll
0x00007ffa80c50000 - 0x00007ffa80c58000 	C:\WINDOWS\System32\PSAPI.DLL
0x00007ffa68010000 - 0x00007ffa68019000 	C:\WINDOWS\SYSTEM32\WSOCK32.dll
0x00007ffa81660000 - 0x00007ffa816cb000 	C:\WINDOWS\System32\WS2_32.dll
0x00007ffa6aec0000 - 0x00007ffa6aee7000 	C:\WINDOWS\SYSTEM32\WINMM.dll
0x00007ffa73d80000 - 0x00007ffa73d8a000 	C:\WINDOWS\SYSTEM32\VERSION.dll
0x00007ffa7e2f0000 - 0x00007ffa7e302000 	C:\WINDOWS\SYSTEM32\kernel.appcore.dll
0x00007ffa7a6e0000 - 0x00007ffa7a6f1000 	C:\Program Files\Android\Android Studio\jre\bin\verify.dll
0x00007ffa7d850000 - 0x00007ffa7da34000 	C:\WINDOWS\SYSTEM32\DBGHELP.DLL
0x00007ffa61c70000 - 0x00007ffa61ca5000 	C:\WINDOWS\SYSTEM32\dbgcore.DLL
0x00007ffa80350000 - 0x00007ffa803d2000 	C:\WINDOWS\System32\bcryptPrimitives.dll
0x00007ffa77ea0000 - 0x00007ffa77ec9000 	C:\Program Files\Android\Android Studio\jre\bin\java.dll
0x00007ffa7a6b0000 - 0x00007ffa7a6bb000 	C:\Program Files\Android\Android Studio\jre\bin\jimage.dll
0x00007ffa78c80000 - 0x00007ffa78c98000 	C:\Program Files\Android\Android Studio\jre\bin\zip.dll
0x00007ffa80d20000 - 0x00007ffa81465000 	C:\WINDOWS\System32\SHELL32.dll
0x00007ffa7da40000 - 0x00007ffa7e1d2000 	C:\WINDOWS\SYSTEM32\windows.storage.dll
0x00007ffa804a0000 - 0x00007ffa807f5000 	C:\WINDOWS\System32\combase.dll
0x00007ffa7f380000 - 0x00007ffa7f3b0000 	C:\WINDOWS\SYSTEM32\Wldp.dll
0x00007ffa80800000 - 0x00007ffa808ad000 	C:\WINDOWS\System32\SHCORE.dll
0x00007ffa80440000 - 0x00007ffa80495000 	C:\WINDOWS\System32\shlwapi.dll
0x00007ffa7fa20000 - 0x00007ffa7fa3f000 	C:\WINDOWS\SYSTEM32\profapi.dll
0x00007ffa77e80000 - 0x00007ffa77e9a000 	C:\Program Files\Android\Android Studio\jre\bin\net.dll
0x00007ffa74880000 - 0x00007ffa7498c000 	C:\WINDOWS\SYSTEM32\WINHTTP.dll
0x00007ffa7f160000 - 0x00007ffa7f1ca000 	C:\WINDOWS\system32\mswsock.dll
0x00007ffa77e60000 - 0x00007ffa77e74000 	C:\Program Files\Android\Android Studio\jre\bin\nio.dll
0x00007ffa76890000 - 0x00007ffa768b6000 	C:\Users\Galaxy computer\.gradle\native\fdc75f09e3144964f2cf3f50f0aa648679c211496f362492102eb8c894070792\windows-amd64\native-platform.dll
0x00007ffa4c450000 - 0x00007ffa4c5e1000 	C:\Users\Galaxy computer\.gradle\native\12488b8bf47d2d4c9fbf2f6322a914ad602e24e48041cd04a747c6da556b65c4\windows-amd64\native-platform-file-events.dll

dbghelp: loaded successfully - version: 4.0.5 - missing functions: none
symbol engine: initialized successfully - sym options: 0x614 - pdb path: .;C:\Program Files\Android\Android Studio\jre\bin;C:\WINDOWS\SYSTEM32;C:\WINDOWS\WinSxS\amd64_microsoft.windows.common-controls_6595b64144ccf1df_6.0.19041.1110_none_60b5254171f9507e;C:\Program Files\Android\Android Studio\jre\bin\server;C:\Users\Galaxy computer\.gradle\native\fdc75f09e3144964f2cf3f50f0aa648679c211496f362492102eb8c894070792\windows-amd64;C:\Users\Galaxy computer\.gradle\native\12488b8bf47d2d4c9fbf2f6322a914ad602e24e48041cd04a747c6da556b65c4\windows-amd64

VM Arguments:
jvm_args: -Dorg.gradle.appname=gradlew 
java_command: org.gradle.wrapper.GradleWrapperMain -q -Ptarget-platform=android-x86 -Ptarget=C:\Users\Galaxy computer\Downloads\Flutter-Covid-19-Tracker-App-Tutorials-main\lib\main.dart -Pbase-application-name=android.app.Application -Pdart-defines=Zmx1dHRlci5pbnNwZWN0b3Iuc3RydWN0dXJlZEVycm9ycz10cnVl,RkxVVFRFUl9XRUJfQVVUT19ERVRFQ1Q9dHJ1ZQ== -Pdart-obfuscation=false -Ptrack-widget-creation=true -Ptree-shake-icons=false -Pfilesystem-scheme=org-dartlang-root assembleDebug
java_class_path (initial): C:\Users\Galaxy computer\Downloads\Flutter-Covid-19-Tracker-App-Tutorials-main\android\\gradle\wrapper\gradle-wrapper.jar
Launcher Type: SUN_STANDARD

[Global flags]
     intx CICompilerCount                          = 3                                         {product} {ergonomic}
     uint ConcGCThreads                            = 1                                         {product} {ergonomic}
     uint G1ConcRefinementThreads                  = 4                                         {product} {ergonomic}
   size_t G1HeapRegionSize                         = 1048576                                   {product} {ergonomic}
    uintx GCDrainStackTargetSize                   = 64                                        {product} {ergonomic}
   size_t InitialHeapSize                          = 132120576                                 {product} {ergonomic}
   size_t MarkStackSize                            = 4194304                                   {product} {ergonomic}
   size_t MaxHeapSize                              = 2099249152                                {product} {ergonomic}
   size_t MaxNewSize                               = 1259339776                                {product} {ergonomic}
   size_t MinHeapDeltaBytes                        = 1048576                                   {product} {ergonomic}
    uintx NonNMethodCodeHeapSize                   = 5830732                                {pd product} {ergonomic}
    uintx NonProfiledCodeHeapSize                  = 122913754                              {pd product} {ergonomic}
    uintx ProfiledCodeHeapSize                     = 122913754                              {pd product} {ergonomic}
    uintx ReservedCodeCacheSize                    = 251658240                              {pd product} {ergonomic}
     bool SegmentedCodeCache                       = true                                      {product} {ergonomic}
     bool UseCompressedClassPointers               = true                                 {lp64_product} {ergonomic}
     bool UseCompressedOops                        = true                                 {lp64_product} {ergonomic}
     bool UseG1GC                                  = true                                      {product} {ergonomic}
     bool UseLargePagesIndividualAllocation        = false                                  {pd product} {ergonomic}

Logging:
Log output configuration:
 #0: stdout all=warning uptime,level,tags
 #1: stderr all=off uptime,level,tags

Environment Variables:
JAVA_HOME=C:\Program Files\Android\Android Studio\jre
CLASSPATH=C:\Users\Galaxy computer\Downloads\Flutter-Covid-19-Tracker-App-Tutorials-main\android\\gradle\wrapper\gradle-wrapper.jar
PATH=C:\WINDOWS\system32;C:\WINDOWS;C:\WINDOWS\System32\Wbem;C:\WINDOWS\System32\WindowsPowerShell\v1.0\;C:\Program Files\Git\cmd;C:\Flutter\bin;C:\dart-sdk\bin;;C:\WINDOWS\System32\OpenSSH\;C:\Program Files\Microsoft SQL Server\130\Tools\Binn\;C:\Users\Galaxy computer\AppData\Local\Microsoft\WindowsApps;E:\Flutter\bin;C:\Users\Galaxy computer\AppData\Local\Programs\Microsoft VS Code\bin;C:\Users\Galaxy computer\AppData\Local\GitHubDesktop\bin;C:\Flutter\bin\mingit\cmd
USERNAME=Galaxy computer
OS=Windows_NT
PROCESSOR_IDENTIFIER=Intel64 Family 6 Model 78 Stepping 3, GenuineIntel



---------------  S Y S T E M  ---------------

OS: Windows 10 , 64 bit Build 19041 (10.0.19041.2546)
OS uptime: 0 days 4:27 hours
Hyper-V role detected

CPU:total 4 (initial active 4) (2 cores per cpu, 2 threads per core) family 6 model 78 stepping 3 microcode 0xcc, cmov, cx8, fxsr, mmx, sse, sse2, sse3, ssse3, sse4.1, sse4.2, popcnt, avx, avx2, aes, clmul, erms, rtm, 3dnowpref, lzcnt, ht, tsc, tscinvbit, bmi1, bmi2, adx, fma

Memory: 4k page, system-wide physical 8005M (629M free)
TotalPageFile size 23437M (AvailPageFile size 528M)
current process WorkingSet (physical memory assigned to process): 76M, peak: 76M
current process commit charge ("private bytes"): 210M, peak: 210M

vm_info: OpenJDK 64-Bit Server VM (11.0.12+7-b1504.28-7817840) for windows-amd64 JRE (11.0.12+7-b1504.28-7817840), built on Oct 13 2021 22:12:33 by "builder" with MS VC++ 14.0 (VS2015)

END.
